# JRE version: OpenJDK Runtime Environment (21.0.5) (build 21.0.5+-12932927-b750.29)
# Java VM: OpenJDK 64-Bit Server VM (21.0.5+-12932927-b750.29, mixed mode, tiered, compressed oops, compressed class ptrs, g1 gc, windows-amd64)
GC Precious Log:
 CardTable entry size: 512
 Card Set container configuration: InlinePtr #cards 5 size 8 Array Of Cards #cards 12 size 40 Howl #buckets 4 coarsen threshold 1843 Howl Bitmap #cards 512 size 80 coarsen threshold 460 Card regions per heap region 1 cards per card region 2048
 CPUs: 20 total, 20 available
 Memory: 16005M
 Large Page Support: Disabled
 NUMA Support: Disabled
 Compressed Oops: Enabled (32-bit)
 Heap Region Size: 1M
 Heap Min Capacity: 8M
 Heap Initial Capacity: 252M
 Heap Max Capacity: 2G
 Pre-touch: Disabled
 Parallel Workers: 15
 Concurrent Workers: 4
 Concurrent Refinement Workers: 15
 Periodic GC: Disabled
Heap:
 garbage-first heap   total 322560K, used 203591K [0x0000000080000000, 0x0000000100000000)
  region size 1024K, 61 young (62464K), 10 survivors (10240K)
 Metaspace       used 151183K, committed 153600K, reserved 1245184K
  class space    used 20363K, committed 21568K, reserved 1048576K
GC Heap History (20 events):
Event: 5.689 GC heap before
{Heap before GC invocations=38 (full 0):
 garbage-first heap   total 203776K, used 183204K [0x0000000080000000, 0x0000000100000000)
  region size 1024K, 72 young (73728K), 6 survivors (6144K)
 Metaspace       used 116822K, committed 118976K, reserved 1179648K
  class space    used 15741K, committed 16832K, reserved 1048576K
}
Event: 5.693 GC heap after
{Heap after GC invocations=39 (full 0):
 garbage-first heap   total 203776K, used 118193K [0x0000000080000000, 0x0000000100000000)
  region size 1024K, 8 young (8192K), 8 survivors (8192K)
 Metaspace       used 116822K, committed 118976K, reserved 1179648K
  class space    used 15741K, committed 16832K, reserved 1048576K
}
Event: 5.817 GC heap before
{Heap before GC invocations=39 (full 0):
 garbage-first heap   total 203776K, used 181681K [0x0000000080000000, 0x0000000100000000)
  region size 1024K, 71 young (72704K), 8 survivors (8192K)
 Metaspace       used 117135K, committed 119296K, reserved 1179648K
  class space    used 15780K, committed 16832K, reserved 1048576K
}
Event: 5.820 GC heap after
{Heap after GC invocations=40 (full 0):
 garbage-first heap   total 203776K, used 121127K [0x0000000080000000, 0x0000000100000000)
  region size 1024K, 8 young (8192K), 8 survivors (8192K)
 Metaspace       used 117135K, committed 119296K, reserved 1179648K
  class space    used 15780K, committed 16832K, reserved 1048576K
}
Event: 5.898 GC heap before
{Heap before GC invocations=41 (full 0):
 garbage-first heap   total 203776K, used 182567K [0x0000000080000000, 0x0000000100000000)
  region size 1024K, 69 young (70656K), 8 survivors (8192K)
 Metaspace       used 117196K, committed 119360K, reserved 1179648K
  class space    used 15784K, committed 16832K, reserved 1048576K
}
Event: 5.901 GC heap after
{Heap after GC invocations=42 (full 0):
 garbage-first heap   total 203776K, used 123415K [0x0000000080000000, 0x0000000100000000)
  region size 1024K, 7 young (7168K), 7 survivors (7168K)
 Metaspace       used 117196K, committed 119360K, reserved 1179648K
  class space    used 15784K, committed 16832K, reserved 1048576K
}
Event: 6.035 GC heap before
{Heap before GC invocations=42 (full 0):
 garbage-first heap   total 203776K, used 183831K [0x0000000080000000, 0x0000000100000000)
  region size 1024K, 67 young (68608K), 7 survivors (7168K)
 Metaspace       used 118273K, committed 120384K, reserved 1179648K
  class space    used 15921K, committed 16960K, reserved 1048576K
}
Event: 6.039 GC heap after
{Heap after GC invocations=43 (full 0):
 garbage-first heap   total 273408K, used 125983K [0x0000000080000000, 0x0000000100000000)
  region size 1024K, 8 young (8192K), 8 survivors (8192K)
 Metaspace       used 118273K, committed 120384K, reserved 1179648K
  class space    used 15921K, committed 16960K, reserved 1048576K
}
Event: 6.157 GC heap before
{Heap before GC invocations=43 (full 0):
 garbage-first heap   total 273408K, used 172063K [0x0000000080000000, 0x0000000100000000)
  region size 1024K, 24 young (24576K), 8 survivors (8192K)
 Metaspace       used 120069K, committed 122304K, reserved 1179648K
  class space    used 16150K, committed 17280K, reserved 1048576K
}
Event: 6.160 GC heap after
{Heap after GC invocations=44 (full 0):
 garbage-first heap   total 273408K, used 156973K [0x0000000080000000, 0x0000000100000000)
  region size 1024K, 10 young (10240K), 10 survivors (10240K)
 Metaspace       used 120069K, committed 122304K, reserved 1179648K
  class space    used 16150K, committed 17280K, reserved 1048576K
}
Event: 6.162 GC heap before
{Heap before GC invocations=44 (full 0):
 garbage-first heap   total 273408K, used 169261K [0x0000000080000000, 0x0000000100000000)
  region size 1024K, 11 young (11264K), 10 survivors (10240K)
 Metaspace       used 120070K, committed 122304K, reserved 1179648K
  class space    used 16150K, committed 17280K, reserved 1048576K
}
Event: 6.164 GC heap after
{Heap after GC invocations=45 (full 0):
 garbage-first heap   total 273408K, used 169882K [0x0000000080000000, 0x0000000100000000)
  region size 1024K, 3 young (3072K), 3 survivors (3072K)
 Metaspace       used 120070K, committed 122304K, reserved 1179648K
  class space    used 16150K, committed 17280K, reserved 1048576K
}
Event: 52.302 GC heap before
{Heap before GC invocations=46 (full 0):
 garbage-first heap   total 314368K, used 301978K [0x0000000080000000, 0x0000000100000000)
  region size 1024K, 84 young (86016K), 3 survivors (3072K)
 Metaspace       used 126796K, committed 129024K, reserved 1179648K
  class space    used 16830K, committed 17984K, reserved 1048576K
}
Event: 52.304 GC heap after
{Heap after GC invocations=47 (full 0):
 garbage-first heap   total 314368K, used 127803K [0x0000000080000000, 0x0000000100000000)
  region size 1024K, 3 young (3072K), 3 survivors (3072K)
 Metaspace       used 126796K, committed 129024K, reserved 1179648K
  class space    used 16830K, committed 17984K, reserved 1048576K
}
Event: 53.404 GC heap before
{Heap before GC invocations=47 (full 0):
 garbage-first heap   total 314368K, used 287547K [0x0000000080000000, 0x0000000100000000)
  region size 1024K, 160 young (163840K), 3 survivors (3072K)
 Metaspace       used 132035K, committed 134400K, reserved 1179648K
  class space    used 17434K, committed 18624K, reserved 1048576K
}
Event: 53.410 GC heap after
{Heap after GC invocations=48 (full 0):
 garbage-first heap   total 314368K, used 143541K [0x0000000080000000, 0x0000000100000000)
  region size 1024K, 19 young (19456K), 19 survivors (19456K)
 Metaspace       used 132035K, committed 134400K, reserved 1179648K
  class space    used 17434K, committed 18624K, reserved 1048576K
}
Event: 53.820 GC heap before
{Heap before GC invocations=48 (full 0):
 garbage-first heap   total 314368K, used 267445K [0x0000000080000000, 0x0000000100000000)
  region size 1024K, 141 young (144384K), 19 survivors (19456K)
 Metaspace       used 146642K, committed 148992K, reserved 1179648K
  class space    used 19671K, committed 20864K, reserved 1048576K
}
Event: 53.825 GC heap after
{Heap after GC invocations=49 (full 0):
 garbage-first heap   total 314368K, used 149685K [0x0000000080000000, 0x0000000100000000)
  region size 1024K, 6 young (6144K), 6 survivors (6144K)
 Metaspace       used 146642K, committed 148992K, reserved 1179648K
  class space    used 19671K, committed 20864K, reserved 1048576K
}
Event: 64.353 GC heap before
{Heap before GC invocations=50 (full 0):
 garbage-first heap   total 314368K, used 310453K [0x0000000080000000, 0x0000000100000000)
  region size 1024K, 132 young (135168K), 6 survivors (6144K)
 Metaspace       used 150988K, committed 153472K, reserved 1245184K
  class space    used 20361K, committed 21568K, reserved 1048576K
}
Event: 64.357 GC heap after
{Heap after GC invocations=51 (full 0):
 garbage-first heap   total 322560K, used 153415K [0x0000000080000000, 0x0000000100000000)
  region size 1024K, 10 young (10240K), 10 survivors (10240K)
 Metaspace       used 150988K, committed 153472K, reserved 1245184K
  class space    used 20361K, committed 21568K, reserved 1048576K
}

