# JRE version: OpenJDK Runtime Environment (21.0.5) (build 21.0.5+-12932927-b750.29)
# Java VM: OpenJDK 64-Bit Server VM (21.0.5+-12932927-b750.29, mixed mode, tiered, compressed oops, compressed class ptrs, g1 gc, windows-amd64)
GC Precious Log:
 CardTable entry size: 512
 Card Set container configuration: InlinePtr #cards 4 size 8 Array Of Cards #cards 16 size 48 Howl #buckets 8 coarsen threshold 3686 Howl Bitmap #cards 512 size 80 coarsen threshold 460 Card regions per heap region 1 cards per card region 4096
 CPUs: 20 total, 20 available
 Memory: 16005M
 Large Page Support: Disabled
 NUMA Support: Disabled
 Compressed Oops: Enabled (Zero based)
 Heap Region Size: 2M
 Heap Min Capacity: 8M
 Heap Initial Capacity: 252M
 Heap Max Capacity: 4002M
 Pre-touch: Disabled
 Parallel Workers: 15
 Concurrent Workers: 4
 Concurrent Refinement Workers: 15
 Periodic GC: Disabled
Heap:
 garbage-first heap   total 153600K, used 76712K [0x0000000705e00000, 0x0000000800000000)
  region size 2048K, 4 young (8192K), 4 survivors (8192K)
 Metaspace       used 59844K, committed 60160K, reserved 1114112K
  class space    used 6585K, committed 6720K, reserved 1048576K
GC Heap History (20 events):
Event: 0.228 GC heap after
{Heap after GC invocations=1 (full 0):
 garbage-first heap   total 258048K, used 7033K [0x0000000705e00000, 0x0000000800000000)
  region size 2048K, 2 young (4096K), 2 survivors (4096K)
 Metaspace       used 13340K, committed 13504K, reserved 1114112K
  class space    used 1236K, committed 1280K, reserved 1048576K
}
Event: 0.373 GC heap before
{Heap before GC invocations=1 (full 0):
 garbage-first heap   total 258048K, used 29561K [0x0000000705e00000, 0x0000000800000000)
  region size 2048K, 15 young (30720K), 2 survivors (4096K)
 Metaspace       used 21314K, committed 21504K, reserved 1114112K
  class space    used 2164K, committed 2240K, reserved 1048576K
}
Event: 0.376 GC heap after
{Heap after GC invocations=2 (full 0):
 garbage-first heap   total 258048K, used 8678K [0x0000000705e00000, 0x0000000800000000)
  region size 2048K, 3 young (6144K), 3 survivors (6144K)
 Metaspace       used 21314K, committed 21504K, reserved 1114112K
  class space    used 2164K, committed 2240K, reserved 1048576K
}
Event: 0.513 GC heap before
{Heap before GC invocations=3 (full 0):
 garbage-first heap   total 34816K, used 31206K [0x0000000705e00000, 0x0000000800000000)
  region size 2048K, 15 young (30720K), 3 survivors (6144K)
 Metaspace       used 25238K, committed 25472K, reserved 1114112K
  class space    used 2653K, committed 2752K, reserved 1048576K
}
Event: 0.518 GC heap after
{Heap after GC invocations=4 (full 0):
 garbage-first heap   total 47104K, used 15803K [0x0000000705e00000, 0x0000000800000000)
  region size 2048K, 6 young (12288K), 6 survivors (12288K)
 Metaspace       used 25238K, committed 25472K, reserved 1114112K
  class space    used 2653K, committed 2752K, reserved 1048576K
}
Event: 0.593 GC heap before
{Heap before GC invocations=4 (full 0):
 garbage-first heap   total 47104K, used 30139K [0x0000000705e00000, 0x0000000800000000)
  region size 2048K, 13 young (26624K), 6 survivors (12288K)
 Metaspace       used 27685K, committed 27904K, reserved 1114112K
  class space    used 2940K, committed 3072K, reserved 1048576K
}
Event: 0.598 GC heap after
{Heap after GC invocations=5 (full 0):
 garbage-first heap   total 47104K, used 17416K [0x0000000705e00000, 0x0000000800000000)
  region size 2048K, 1 young (2048K), 1 survivors (2048K)
 Metaspace       used 27685K, committed 27904K, reserved 1114112K
  class space    used 2940K, committed 3072K, reserved 1048576K
}
Event: 0.728 GC heap before
{Heap before GC invocations=5 (full 0):
 garbage-first heap   total 47104K, used 33800K [0x0000000705e00000, 0x0000000800000000)
  region size 2048K, 9 young (18432K), 1 survivors (2048K)
 Metaspace       used 32871K, committed 33088K, reserved 1114112K
  class space    used 3984K, committed 4096K, reserved 1048576K
}
Event: 0.731 GC heap after
{Heap after GC invocations=6 (full 0):
 garbage-first heap   total 47104K, used 18433K [0x0000000705e00000, 0x0000000800000000)
  region size 2048K, 2 young (4096K), 2 survivors (4096K)
 Metaspace       used 32871K, committed 33088K, reserved 1114112K
  class space    used 3984K, committed 4096K, reserved 1048576K
}
Event: 0.810 GC heap before
{Heap before GC invocations=6 (full 0):
 garbage-first heap   total 47104K, used 30721K [0x0000000705e00000, 0x0000000800000000)
  region size 2048K, 9 young (18432K), 2 survivors (4096K)
 Metaspace       used 35811K, committed 35968K, reserved 1114112K
  class space    used 4280K, committed 4352K, reserved 1048576K
}
Event: 0.813 GC heap after
{Heap after GC invocations=7 (full 0):
 garbage-first heap   total 47104K, used 19768K [0x0000000705e00000, 0x0000000800000000)
  region size 2048K, 2 young (4096K), 2 survivors (4096K)
 Metaspace       used 35811K, committed 35968K, reserved 1114112K
  class space    used 4280K, committed 4352K, reserved 1048576K
}
Event: 0.918 GC heap before
{Heap before GC invocations=8 (full 0):
 garbage-first heap   total 47104K, used 34104K [0x0000000705e00000, 0x0000000800000000)
  region size 2048K, 10 young (20480K), 2 survivors (4096K)
 Metaspace       used 40018K, committed 40320K, reserved 1114112K
  class space    used 4686K, committed 4800K, reserved 1048576K
}
Event: 0.921 GC heap after
{Heap after GC invocations=9 (full 0):
 garbage-first heap   total 153600K, used 20375K [0x0000000705e00000, 0x0000000800000000)
  region size 2048K, 1 young (2048K), 1 survivors (2048K)
 Metaspace       used 40018K, committed 40320K, reserved 1114112K
  class space    used 4686K, committed 4800K, reserved 1048576K
}
Event: 1.483 GC heap before
{Heap before GC invocations=9 (full 0):
 garbage-first heap   total 153600K, used 108439K [0x0000000705e00000, 0x0000000800000000)
  region size 2048K, 45 young (92160K), 1 survivors (2048K)
 Metaspace       used 50047K, committed 50432K, reserved 1114112K
  class space    used 5660K, committed 5824K, reserved 1048576K
}
Event: 1.498 GC heap after
{Heap after GC invocations=10 (full 0):
 garbage-first heap   total 153600K, used 40654K [0x0000000705e00000, 0x0000000800000000)
  region size 2048K, 6 young (12288K), 6 survivors (12288K)
 Metaspace       used 50047K, committed 50432K, reserved 1114112K
  class space    used 5660K, committed 5824K, reserved 1048576K
}
Event: 2.023 GC heap before
{Heap before GC invocations=10 (full 0):
 garbage-first heap   total 153600K, used 97998K [0x0000000705e00000, 0x0000000800000000)
  region size 2048K, 34 young (69632K), 6 survivors (12288K)
 Metaspace       used 55562K, committed 55872K, reserved 1114112K
  class space    used 6274K, committed 6400K, reserved 1048576K
}
Event: 2.036 GC heap after
{Heap after GC invocations=11 (full 0):
 garbage-first heap   total 153600K, used 52918K [0x0000000705e00000, 0x0000000800000000)
  region size 2048K, 5 young (10240K), 5 survivors (10240K)
 Metaspace       used 55562K, committed 55872K, reserved 1114112K
  class space    used 6274K, committed 6400K, reserved 1048576K
}
Event: 2.259 GC heap before
{Heap before GC invocations=11 (full 0):
 garbage-first heap   total 153600K, used 106166K [0x0000000705e00000, 0x0000000800000000)
  region size 2048K, 31 young (63488K), 5 survivors (10240K)
 Metaspace       used 56260K, committed 56576K, reserved 1114112K
  class space    used 6311K, committed 6464K, reserved 1048576K
}
Event: 2.272 GC heap after
{Heap after GC invocations=12 (full 0):
 garbage-first heap   total 153600K, used 67584K [0x0000000705e00000, 0x0000000800000000)
  region size 2048K, 4 young (8192K), 4 survivors (8192K)
 Metaspace       used 56260K, committed 56576K, reserved 1114112K
  class space    used 6311K, committed 6464K, reserved 1048576K
}
Event: 2.716 GC heap before
{Heap before GC invocations=12 (full 0):
 garbage-first heap   total 153600K, used 116736K [0x0000000705e00000, 0x0000000800000000)
  region size 2048K, 28 young (57344K), 4 survivors (8192K)
 Metaspace       used 59844K, committed 60160K, reserved 1114112K
  class space    used 6585K, committed 6720K, reserved 1048576K
}

